<?xml version="1.0" encoding="UTF-8"?>
<!-- Generated by org.testng.reporters.JUnitXMLReporter -->
<testsuite hostname="CTSL023" ignored="0" name="Default test" tests="8" failures="0" timestamp="2020-07-31T20:38:00 IST" time="14.923" errors="0">
  <testcase name="addemployee" time="5.306" classname="Files.AddEmployee"/>
  <testcase name="addemployee" time="1.303" classname="Files.AddEmployee"/>
  <testcase name="addemployee" time="1.537" classname="Files.AddEmployee"/>
  <testcase name="addemployee" time="1.559" classname="Files.AddEmployee"/>
  <testcase name="UpdateEmployee" time="1.797" classname="Files.AddEmployee"/>
  <testcase name="GetEmployee" time="1.891" classname="Files.AddEmployee"/>
  <testcase name="GetEmployees" time="0.176" classname="Files.AddEmployee"/>
  <testcase name="DeleteEmployee" time="1.26" classname="Files.AddEmployee"/>
</testsuite> <!-- Default test -->
